2024-02-05 10:46:35,300 - basicLogger - DEBUG - Stored event 20098bb1-4fd2-4c32-b13c-d43a9036bc11 request with a trace id of 8af9b56d-c140-4261-9481-ee546fd4da7c
2024-02-05 10:46:40,603 - basicLogger - DEBUG - Stored event 048c4aaa-7bc6-43a0-bee5-5036d68e4ae5 request with a trace id of 691ec879-dde5-4e9c-9043-9dfcd2f9b3ff
2024-02-05 10:48:13,428 - basicLogger - DEBUG - Stored event 89c9168a-2a02-4d8b-ac31-18d594b6a47e request with a trace id of 1f0b808b-b6b3-430f-887a-fc76d24e2b72
2024-02-05 10:48:13,437 - basicLogger - DEBUG - Stored event 5bec3a86-e51a-4e9e-bcd5-6e265c4d709f request with a trace id of 089b1c2b-8674-4fce-bda6-2dfdd89e2ca5
2024-02-05 10:48:13,442 - basicLogger - DEBUG - Stored event 5ac99771-7561-4e84-91f1-0572985d2dc8 request with a trace id of 4c47f473-95bb-4bc4-b58e-f13465789e79
2024-02-05 10:48:13,442 - basicLogger - DEBUG - Stored event e8659bd6-5daa-4b52-856f-ce53277fdb2c request with a trace id of f3a33e28-db85-45a5-9647-350806867021
2024-02-05 10:48:13,442 - basicLogger - DEBUG - Stored event ec345f20-42ac-462d-9078-8ad6ba920bfd request with a trace id of 4bcf79a6-2d26-46b6-9029-9856419139b9
2024-02-05 10:48:15,553 - basicLogger - DEBUG - Stored event 73ac3149-ad43-48d7-a80e-cc07dd895f63 request with a trace id of b4348f72-33ff-4249-8570-5e07df721a41
2024-02-05 10:48:15,559 - basicLogger - DEBUG - Stored event f81755f6-f22b-45cb-8af6-8ab53e2c9c30 request with a trace id of 89f361dd-ad84-4623-b683-64e1200d35bf
2024-02-05 10:48:15,559 - basicLogger - DEBUG - Stored event ab6162f9-7b9c-4121-a57a-6f76bb0165ee request with a trace id of 7f17d1f6-3508-4aff-a57b-0c6f2bbf03a0
2024-02-05 10:48:15,559 - basicLogger - DEBUG - Stored event 1e511e4d-d310-4393-adf0-b93775554522 request with a trace id of c56c40ca-fc03-4cc8-af8e-36517bc29ee9
2024-02-05 10:48:15,560 - basicLogger - DEBUG - Stored event ead8678d-9458-4d6e-a3d9-9a18f53df499 request with a trace id of c6796655-d6c0-40f7-a8e2-cd18a9ffc83d
2024-02-05 10:48:17,654 - basicLogger - DEBUG - Stored event 62dab19d-ed8a-4ed9-8852-95c6ede1036d request with a trace id of 0f5aa6eb-c03b-4517-a5f1-ec9aae7af452
2024-02-05 10:48:17,662 - basicLogger - DEBUG - Stored event 13d92383-8d81-47cd-a7d8-e0b0c996a6f5 request with a trace id of 1cf819bb-99aa-4150-9c8e-6cc6d6f1b8d2
2024-02-05 10:48:17,666 - basicLogger - DEBUG - Stored event ba49e51c-05dd-424e-80f3-7f6f48653873 request with a trace id of 4d695857-aee3-4acb-b2e2-d12138d3edc4
2024-02-05 10:48:17,668 - basicLogger - DEBUG - Stored event bb179e1c-8491-4b53-b59e-1d769fa256a2 request with a trace id of 72e11413-5673-4ce4-a371-6e595263aa46
2024-02-05 10:48:17,669 - basicLogger - DEBUG - Stored event 0d9f8df0-6f01-4f57-be4b-90fe6c92f874 request with a trace id of 557e3fac-1290-4ee1-b3c5-08dd020b621a
2024-02-05 10:48:19,758 - basicLogger - DEBUG - Stored event cd6d9777-04d3-4126-9a39-595d2f214aa3 request with a trace id of 1cbdc424-597e-486b-adf2-0a32bd51c941
2024-02-05 10:48:19,776 - basicLogger - DEBUG - Stored event 86cbce44-4c81-4d7e-9b1e-83257c4b72ed request with a trace id of 63e3b58f-dcc1-40a8-820f-1d2701146562
2024-02-05 10:48:19,782 - basicLogger - DEBUG - Stored event c231d821-642b-4830-9956-418240525161 request with a trace id of 846c5a87-210a-4de6-b4fb-0b2e5e0a1a0d
2024-02-05 10:48:19,787 - basicLogger - DEBUG - Stored event 5c7814fe-2677-4963-a01a-fb164ddb1835 request with a trace id of b97d1e23-6061-40de-ae62-334b0d74286e
2024-02-05 10:48:19,788 - basicLogger - DEBUG - Stored event 2fc16e41-e12f-418c-b6c4-dec4888069cc request with a trace id of 1b658bb7-29d5-4580-971e-af24256d4362
2024-02-05 10:48:21,830 - basicLogger - DEBUG - Stored event 205e15f1-171a-4190-b5c6-edfdf3eafead request with a trace id of 25574388-2a59-49ea-8072-f85808c326fd
2024-02-05 10:48:21,832 - basicLogger - DEBUG - Stored event d52feee0-e2aa-4122-bfda-1c064133cdd3 request with a trace id of 952a10ee-8e5f-4648-9d23-0e054a1b759a
2024-02-05 10:48:21,870 - basicLogger - DEBUG - Stored event 69bb922a-4107-4b5d-9fac-588b4c0e89df request with a trace id of 4f95391d-e8e6-4784-86b4-aec04f9623e7
2024-02-05 10:48:21,874 - basicLogger - DEBUG - Stored event 608a5fd8-e004-4f5c-8872-89107eb69a64 request with a trace id of a07b1966-c08b-46ae-beb4-649e8174c932
2024-02-05 10:48:21,876 - basicLogger - DEBUG - Stored event 55219736-9a49-45a8-94b6-1b8ff10d66d1 request with a trace id of d5a836a4-2ae1-49c0-9358-385113174e2d
2024-02-05 10:48:23,910 - basicLogger - DEBUG - Stored event d27cf07e-1fb0-410d-a9fd-29d02105f16a request with a trace id of d3b017e4-50a0-4cb1-a1aa-11e5e6780097
2024-02-05 10:48:23,913 - basicLogger - DEBUG - Stored event 49dbe55c-fa36-42d8-b282-975a250a95bd request with a trace id of cb722a3a-6fec-4eb8-8a83-29ea6cb8e6ff
2024-02-05 10:48:23,960 - basicLogger - DEBUG - Stored event 12024d38-391c-4c87-804f-6818edefafa7 request with a trace id of 8b451dcb-eb90-4e37-9d70-6822472f068f
2024-02-05 10:48:23,965 - basicLogger - DEBUG - Stored event a97f81b6-89c7-4c9c-91ab-1433b5f5c1ac request with a trace id of c78aaed9-5aea-48e2-b1a9-77e1cb5ea630
2024-02-05 10:48:23,965 - basicLogger - DEBUG - Stored event 13ce35df-aaa5-4438-8fed-4a2317ffd7f0 request with a trace id of 9a67eb1a-f761-4f0c-a9f3-c82fd34c7780
2024-02-05 10:48:25,993 - basicLogger - DEBUG - Stored event 0b91c68f-3ae5-40c2-bf5e-f050c6a8439e request with a trace id of 0ded6c56-f4ff-4743-a603-662d955eed8b
2024-02-05 10:48:25,996 - basicLogger - DEBUG - Stored event f0a49d05-82c5-40f1-b0aa-bf3ca572342c request with a trace id of 22b3ca42-8798-4b09-87f9-82281a44277f
2024-02-05 10:48:26,049 - basicLogger - DEBUG - Stored event 5d9304b1-2e63-4604-88b5-8f21dd587f35 request with a trace id of e85a598c-808a-46f3-997e-6ce9ab45ea9c
2024-02-05 10:48:26,052 - basicLogger - DEBUG - Stored event f4ef939f-e31d-416c-a709-c1c82e26597e request with a trace id of 810feb2f-3d83-4ba5-ac5d-b19d20438be5
2024-02-05 10:48:26,055 - basicLogger - DEBUG - Stored event e5aea664-257f-4a19-b633-2b685d0b2390 request with a trace id of 41bb149d-ff6d-4832-acd0-58172349a9ae
2024-02-05 10:48:28,097 - basicLogger - DEBUG - Stored event 56b75b59-4283-4cd5-b87e-67a98dd6bfce request with a trace id of 3d420e91-e23d-4252-8918-b14616fbf25a
2024-02-05 10:48:28,099 - basicLogger - DEBUG - Stored event 5302c964-fb98-4f3e-a70c-92938bcd8c6f request with a trace id of fe790b44-d9cd-447f-868a-fd41918a7d3e
2024-02-05 10:48:28,132 - basicLogger - DEBUG - Stored event b1276455-0459-4c27-8d99-a137eff03059 request with a trace id of c6d18d90-bfdf-4ba1-99a4-cdca5f23185d
2024-02-05 10:48:28,138 - basicLogger - DEBUG - Stored event 2118bd99-0fae-47e2-ae70-09ae14ce092e request with a trace id of b2db58d1-cdc8-4bf2-8b52-74a36ba0c924
2024-02-05 10:48:28,141 - basicLogger - DEBUG - Stored event 7a597050-b3f4-4d98-804e-032cd90ff818 request with a trace id of 28eb76a3-ea4e-48e9-9c59-57b5b2bfb4d2
2024-02-05 10:48:30,201 - basicLogger - DEBUG - Stored event b772b305-12be-4735-8b80-44c4c9b26d68 request with a trace id of 4c8adccc-933d-42d1-a5ee-e5d4a1c45c9b
2024-02-05 10:48:30,205 - basicLogger - DEBUG - Stored event 49c3b1cb-b06f-4796-bdd3-71c10254e612 request with a trace id of eecc4150-236e-4b7b-abad-24ebaae0f143
2024-02-05 10:48:30,234 - basicLogger - DEBUG - Stored event 1fd2f777-fcf3-49f6-b0a2-fbb319308e0e request with a trace id of e316b4d5-0d8b-432e-8b78-f4be10658eaa
2024-02-05 10:48:30,240 - basicLogger - DEBUG - Stored event b1f1f862-53be-4788-a7f9-01284beb2dcb request with a trace id of befecccf-06e1-468a-9323-074aa3afc63e
2024-02-05 10:48:30,240 - basicLogger - DEBUG - Stored event b67b7b4c-c1a2-47b1-9ef1-1a8ca3d4fb7c request with a trace id of f502e168-f757-423a-a232-1163872ef1f5
2024-02-05 10:48:32,327 - basicLogger - DEBUG - Stored event 3d80a6fe-2096-488d-9c64-1e7d99ded5c6 request with a trace id of 0596e549-c18d-4a44-888a-cb09adef67bc
2024-02-05 10:48:32,332 - basicLogger - DEBUG - Stored event bb30fbba-929b-4392-967c-b26fc8f57652 request with a trace id of be0d9f27-a263-4a6c-bdd8-139d22278942
2024-02-05 10:48:32,332 - basicLogger - DEBUG - Stored event ea1b397f-73f4-4f66-bf2b-e2efe9ade94e request with a trace id of 9fc79c93-5b99-4e7c-b39b-775de4018224
2024-02-05 10:48:32,333 - basicLogger - DEBUG - Stored event 504c4fe8-772e-47ec-bc19-383a4d6d62b2 request with a trace id of 54707f7a-edc8-42be-b653-d0f6754ba26c
2024-02-05 10:48:32,333 - basicLogger - DEBUG - Stored event 80781434-b912-4607-bf4f-5b87bada3caa request with a trace id of 0304dfc0-4099-4984-9476-f5b1bbcef506
