2024-01-29 15:21:51,926 - basicLogger - INFO - Stored event 91be3638-5446-4687-9d96-1e173a4d4bd2 request with a trace id of 9c027c1e-2577-4f69-ae68-e0aa5b0a2f28
2024-01-29 15:23:40,266 - basicLogger - INFO - Stored event c93ef06d-1415-440c-bf8f-50e960149331 request with a trace id of deb24c46-c0ea-4688-b6aa-b71676f8778e
2024-01-29 15:23:40,271 - basicLogger - INFO - Stored event c2d7b99f-1e7c-4fd9-9783-190a002cc5ca request with a trace id of 6f1bab39-f87e-4ef5-a540-7404c9b6b457
2024-01-29 15:23:40,272 - basicLogger - INFO - Stored event b152fcf3-a5a6-435b-bf79-24849d526ed2 request with a trace id of 228cca2a-3f89-4295-8302-8532955a0685
2024-01-29 15:23:40,272 - basicLogger - INFO - Stored event bdb42a4c-03df-4b67-a438-29d546ca206f request with a trace id of 73899dd2-9e28-41f3-a170-5522ea141340
2024-01-29 15:23:40,392 - basicLogger - INFO - Stored event e477c308-479f-4085-8274-8563cb340ef7 request with a trace id of f7b68fae-a6cb-4c5c-8fe8-4ff14a4e6801
2024-01-29 15:23:40,865 - basicLogger - INFO - Stored event 4045514e-69f1-4feb-8553-40649be52ca8 request with a trace id of 8c19a4e0-1cc7-4759-9ebb-22c57fd47c54
2024-01-29 15:23:41,387 - basicLogger - INFO - Stored event dd7c0ea4-2f95-46ce-996e-e4fc2d74b252 request with a trace id of c69ef026-28ff-4956-8fee-d8533e62240f
2024-01-29 15:23:41,907 - basicLogger - INFO - Stored event d3b3ae12-c822-4f5c-a7f7-9dae781b8c4b request with a trace id of d5c7b413-390f-4033-881e-d16b75665f36
2024-01-29 15:23:42,389 - basicLogger - INFO - Stored event 23a569d3-55e9-48ac-9357-13804eb3adc1 request with a trace id of 742b3eaf-9e76-4b34-b1c4-8e5286161db8
2024-01-29 15:23:42,866 - basicLogger - INFO - Stored event ddde9f47-0cf1-4dba-84c6-f4cffe387f2a request with a trace id of 151dcfc5-88af-446c-81ee-fc1e6678d3cf
2024-01-29 15:23:44,381 - basicLogger - INFO - Stored event d7de810f-f3e7-464f-aa7a-b1e4701740e5 request with a trace id of 667db2e0-d4d5-47f0-90cc-6067fd515024
2024-01-29 15:23:44,399 - basicLogger - INFO - Stored event dbe87c60-fc25-4357-9d84-f54721097d7c request with a trace id of cb9ad3d5-6d48-416c-be70-805cd713c545
2024-01-29 15:23:44,406 - basicLogger - INFO - Stored event 95f0c95c-fc25-47e0-b6af-9e8a8e3d5d03 request with a trace id of cd9b794d-c6a7-4b08-8f76-b0e4ee0984d7
2024-01-29 15:23:44,434 - basicLogger - INFO - Stored event ad699917-eede-4c4b-ba58-00477cf6f183 request with a trace id of 48b48314-2c1b-4082-927b-f19a506b5c57
2024-01-29 15:23:44,489 - basicLogger - INFO - Stored event 42770916-7255-451e-a9ef-e31ae343f260 request with a trace id of f14b92e8-959a-4cc5-99b8-03b624a711d2
2024-01-29 15:23:45,000 - basicLogger - INFO - Stored event ffed6b60-29bf-4394-b0e0-4df7d3fee32c request with a trace id of 7aa190dc-f339-4d42-b5b3-7cdde4783bd2
2024-01-29 15:23:45,503 - basicLogger - INFO - Stored event 29bbf5dc-0f63-476b-9d8c-db05d3e9aabc request with a trace id of 79cd4f57-002c-436f-b7d8-c7d54e387488
2024-01-29 15:23:46,021 - basicLogger - INFO - Stored event 319ef430-f201-4caf-b959-b8b0bcd39c36 request with a trace id of b96c2381-686d-43f7-a44b-da9f858eb54d
2024-01-29 15:23:48,576 - basicLogger - INFO - Stored event adf6d7ba-daf6-4e9a-afe7-4a8fe297c76d request with a trace id of c9a53e43-813b-4674-906a-97c01bde8779
2024-01-29 15:23:48,581 - basicLogger - INFO - Stored event 2d238726-9bed-4e1c-b788-51a62fd920be request with a trace id of 4b8670c8-d516-4275-96db-74478b65006f
2024-01-29 15:23:48,582 - basicLogger - INFO - Stored event 181585f1-6631-4d32-9894-43d5b3e7f9f7 request with a trace id of 191d49f0-9a54-4fb5-b815-11e0c1b03517
2024-01-29 15:23:48,588 - basicLogger - INFO - Stored event 4d16a043-9d75-492c-a76d-bda8f78915ab request with a trace id of 815d1204-1a49-4600-a3ad-e1c547be1d9b
2024-01-29 15:23:48,594 - basicLogger - INFO - Stored event 0c099146-0184-42a0-a063-44be90eb8f72 request with a trace id of 1d3649f9-c117-4a39-937e-b3e120be13cb
2024-01-29 15:23:50,693 - basicLogger - INFO - Stored event 9ae93b1b-380a-4e62-a111-f6d165ea077c request with a trace id of 9e3b2596-b450-482f-95a6-98a86f04d8a1
2024-01-29 15:23:50,694 - basicLogger - INFO - Stored event fad078ff-8e57-48cc-848c-9493ec4b0ebb request with a trace id of e040ca47-5c16-40c1-9807-317ea1a3bde2
2024-01-29 15:23:50,695 - basicLogger - INFO - Stored event 98145d1e-e3bc-4eba-b434-b93cc19e8176 request with a trace id of 97e8f71d-d8ee-459a-8b13-bac3df0566ae
2024-01-29 15:23:50,710 - basicLogger - INFO - Stored event 246ed91c-7967-4da5-a908-23e997512a8b request with a trace id of 08c51fbc-7726-4bed-8d99-27460c98e4aa
2024-01-29 15:24:25,006 - basicLogger - INFO - Stored event fefb353f-ee89-41e7-a419-51d08318ad5b request with a trace id of bba7d1fe-4dcc-424b-895c-37b3d0b0b882
2024-01-29 15:24:25,009 - basicLogger - INFO - Stored event d7f0c787-da10-4772-8b90-096299cc7375 request with a trace id of 3a430cfe-b1b1-4db3-9e66-28787f788671
2024-01-29 15:24:25,017 - basicLogger - INFO - Stored event c80566b8-dc20-428e-a7df-ad87a6b317f3 request with a trace id of f1e619c6-2e8e-4ef2-8b02-62764efd418a
2024-01-29 15:24:25,021 - basicLogger - INFO - Stored event 5b1886bf-11cd-41ce-b2e9-152eee418494 request with a trace id of f9824cd7-4dd0-4f41-a203-399c02e76925
2024-01-29 15:24:25,028 - basicLogger - INFO - Stored event efd3891d-47ec-4dfc-bcae-72efc9b87be5 request with a trace id of 23bf7ce9-d7c4-46c3-a36b-adcbe194e23e
2024-01-29 15:24:25,042 - basicLogger - INFO - Stored event 0b0f9e46-bd03-452b-834d-b5ecdf92aff9 request with a trace id of 1f9317f5-bc26-4f98-b8a0-a65e3a5bf9b9
2024-01-29 15:24:27,177 - basicLogger - INFO - Stored event f02c6fbc-edae-4b99-a754-de26d98fa2cf request with a trace id of 9e097d51-11fb-4afd-a8b1-5ee28f46d940
2024-01-29 15:24:27,212 - basicLogger - INFO - Stored event 4df43e2c-f743-4499-970f-52b083289d38 request with a trace id of fa6b0934-ecbf-4467-8b16-31ba9d04c4db
2024-01-29 15:24:27,218 - basicLogger - INFO - Stored event 4cb83482-5432-408d-a36e-b803c16d2cb3 request with a trace id of b1694cbe-330d-4f81-b787-956c9e33cc60
2024-01-29 15:24:29,272 - basicLogger - INFO - Stored event 1f7cef76-6e45-4103-a67f-3b0358f13b6f request with a trace id of 1727e555-01c5-4ab6-8b45-0c714ff9813b
2024-01-29 15:24:29,280 - basicLogger - INFO - Stored event 13115b29-0a3a-4e1a-b2ee-1550b0f3688c request with a trace id of 4728e4d4-a222-4b8f-ba8d-ea60ae752a0f
2024-01-29 15:24:29,284 - basicLogger - INFO - Stored event 5692f4cb-d0b6-4a45-8e2c-399e213fff49 request with a trace id of ba8a4df5-a278-4d82-a671-17e04542cbee
2024-01-29 15:24:29,370 - basicLogger - INFO - Stored event 6b415434-2a5f-42ab-aca0-f4ac67269ff0 request with a trace id of 27b9e1f7-dcf9-4628-8f8b-f149c7583098
2024-01-29 15:24:29,376 - basicLogger - INFO - Stored event 98e64ad4-2d28-43d0-97c3-bc1941bd5880 request with a trace id of 2984fe0a-95d6-43ef-9b79-7fbd932d1eab
2024-01-29 15:24:29,381 - basicLogger - INFO - Stored event 0e872544-b23b-4c3f-8506-aedd96a35598 request with a trace id of b42e22b3-4636-40cd-9639-a3526a679356
2024-01-29 15:24:29,386 - basicLogger - INFO - Stored event f33fb48a-c8ac-4d26-bb55-789ff942df5a request with a trace id of caec0287-d08c-4ba3-9307-37809b35716e
2024-01-29 15:24:31,317 - basicLogger - INFO - Stored event eff179ed-4d9b-4798-b69d-2418fed7ddf7 request with a trace id of 1d5d21f4-89ce-4dd0-b822-26e60987804e
2024-01-29 15:24:31,504 - basicLogger - INFO - Stored event 3f335a91-1e2d-4021-8795-fa6850ace340 request with a trace id of 159e88e7-116b-49e9-9a50-5b204f792995
2024-01-29 15:24:31,521 - basicLogger - INFO - Stored event 825b9990-1920-4633-a356-35e5f03e49d6 request with a trace id of 6d5c5e3f-71c1-4256-91e2-265b6a833d06
2024-02-05 09:37:46,119 - basicLogger - INFO - Query for Workout Log readings after None returns 74 results
2024-02-05 09:40:33,467 - basicLogger - INFO - Query for Workout Log readings after None returns 74 results
2024-02-05 09:42:13,650 - basicLogger - INFO - Query for Workout Log readings after None returns 74 results
2024-02-06 17:11:37,216 - basicLogger - INFO - Query for Workout Log readings after None returns 26 results
2024-02-06 17:21:58,242 - basicLogger - INFO - Query for Workout Log readings after 2024-02-05T10:46:40 returns 1 results
2024-02-06 17:25:19,491 - basicLogger - INFO - Query for Workout Log readings after 2024-02-05T10:46:40 returns 1 results
2024-02-06 17:25:44,901 - basicLogger - INFO - Query for Workout Log readings after 2024-02-05T10:46:40 returns 1 results
2024-02-06 17:26:38,521 - basicLogger - INFO - Query for Workout Log readings after 2025-02-05T10:46:40 returns 0 results
2024-02-06 17:26:44,613 - basicLogger - INFO - Query for Workout Log readings after 2024-02-05T10:46:40 returns 1 results
2024-02-06 18:45:32,703 - basicLogger - INFO - Query for Workout Log readings after 2024-02-05T10:46:40 returns 1 results
2024-02-06 18:46:46,312 - basicLogger - INFO - Query for Workout Log readings after 2024-02-06T18:46:44 returns 0 results
2024-02-06 18:46:51,354 - basicLogger - INFO - Query for Workout Log readings after 2024-02-06T18:46:49 returns 0 results
2024-02-06 18:46:56,330 - basicLogger - INFO - Query for Workout Log readings after 2024-02-06T18:46:54 returns 0 results
2024-02-06 18:47:28,148 - basicLogger - INFO - Query for Workout Log readings after 2024-02-06T18:47:26 returns 0 results
2024-02-06 18:47:33,137 - basicLogger - INFO - Query for Workout Log readings after 2024-02-06T18:47:31 returns 0 results
2024-02-06 18:47:38,120 - basicLogger - INFO - Query for Workout Log readings after 2024-02-06T18:47:36 returns 0 results
2024-02-06 18:47:59,795 - basicLogger - INFO - Query for Workout Log readings after 2024-02-06T18:47:57 returns 0 results
2024-02-06 18:48:04,789 - basicLogger - INFO - Query for Workout Log readings after 2024-02-06T18:48:02 returns 0 results
2024-02-06 18:48:23,558 - basicLogger - INFO - Query for Workout Log readings after 2024-02-06T18:48:21 returns 0 results
2024-02-06 18:48:28,542 - basicLogger - INFO - Query for Workout Log readings after 2024-02-06T18:48:26 returns 0 results
2024-02-06 18:48:45,118 - basicLogger - INFO - Query for Workout Log readings after 2024-02-06T18:48:43 returns 0 results
2024-02-06 18:48:50,139 - basicLogger - INFO - Query for Workout Log readings after 2024-02-06T18:48:48 returns 0 results
2024-02-06 18:48:55,150 - basicLogger - INFO - Query for Workout Log readings after 2024-02-06T18:48:53 returns 0 results
2024-02-06 18:49:34,443 - basicLogger - INFO - Query for Workout Log readings after 2024-02-06T18:49:32 returns 0 results
2024-02-06 18:49:39,461 - basicLogger - INFO - Query for Workout Log readings after 2024-02-06T18:49:37 returns 0 results
2024-02-06 18:50:03,556 - basicLogger - INFO - Query for Workout Log readings after 2024-02-06T18:50:01 returns 0 results
2024-02-06 18:50:08,528 - basicLogger - INFO - Query for Workout Log readings after 2024-02-06T18:50:06 returns 0 results
2024-02-06 18:50:13,520 - basicLogger - INFO - Query for Workout Log readings after 2024-02-06T18:50:11 returns 0 results
2024-02-06 18:50:55,687 - basicLogger - INFO - Query for Workout Log readings after 2024-02-06T18:50:53 returns 0 results
2024-02-06 18:51:00,676 - basicLogger - INFO - Query for Workout Log readings after 2024-02-06T18:50:58 returns 0 results
2024-02-06 18:51:33,423 - basicLogger - INFO - Query for Workout Log readings after 2024-02-06T18:51:31 returns 0 results
2024-02-06 18:51:38,428 - basicLogger - INFO - Query for Workout Log readings after 2024-02-06T18:51:36 returns 0 results
2024-02-06 18:51:43,413 - basicLogger - INFO - Query for Workout Log readings after 2024-02-06T18:51:41 returns 0 results
2024-02-06 18:52:34,952 - basicLogger - INFO - Query for Workout Log readings after 2024-02-06T18:52:32 returns 0 results
2024-02-06 18:52:39,941 - basicLogger - INFO - Query for Workout Log readings after 2024-02-06T18:52:37 returns 0 results
2024-02-06 18:52:44,946 - basicLogger - INFO - Query for Workout Log readings after 2024-02-06T18:52:42 returns 0 results
2024-02-06 18:53:18,735 - basicLogger - INFO - Query for Workout Log readings after 2024-02-06T18:53:16 returns 0 results
2024-02-06 18:53:23,754 - basicLogger - INFO - Query for Workout Log readings after 2024-02-06T18:53:21 returns 0 results
2024-02-06 18:54:26,995 - basicLogger - INFO - Query for Workout Log readings after 2024-02-06T18:54:24 returns 0 results
2024-02-06 18:54:31,956 - basicLogger - INFO - Query for Workout Log readings after 2024-02-06T18:54:29 returns 0 results
2024-02-06 18:55:45,662 - basicLogger - INFO - Query for Workout Log readings after 2024-02-06T18:55:43 returns 0 results
2024-02-06 18:55:50,644 - basicLogger - INFO - Query for Workout Log readings after 2024-02-06T18:55:48 returns 0 results
2024-02-06 18:57:24,705 - basicLogger - INFO - Query for Workout Log readings after 2024-02-06T18:57:22 returns 0 results
2024-02-06 18:57:29,702 - basicLogger - INFO - Query for Workout Log readings after 2024-02-06T18:57:27 returns 0 results
2024-02-06 18:59:15,966 - basicLogger - INFO - Query for Workout Log readings after 2024-02-06T18:59:13 returns 0 results
2024-02-06 18:59:20,979 - basicLogger - INFO - Query for Workout Log readings after 2024-02-06T18:59:18 returns 0 results
2024-02-06 19:03:00,254 - basicLogger - INFO - Query for Workout Log readings after 2024-02-06T19:02:58 returns 0 results
2024-02-06 19:03:05,252 - basicLogger - INFO - Query for Workout Log readings after 2024-02-06T19:03:03 returns 0 results
2024-02-06 19:03:20,101 - basicLogger - INFO - Query for Workout Log readings after 2024-02-06T19:03:18 returns 0 results
2024-02-06 19:03:25,089 - basicLogger - INFO - Query for Workout Log readings after 2024-02-06T19:03:18 returns 0 results
2024-02-06 19:03:30,112 - basicLogger - INFO - Query for Workout Log readings after 2024-02-06T19:03:23 returns 0 results
2024-02-06 19:03:35,107 - basicLogger - INFO - Query for Workout Log readings after 2024-02-06T19:03:28 returns 0 results
2024-02-06 19:04:59,993 - basicLogger - DEBUG - Stored event 2d9c068e-4ee2-4e56-ba11-9e4787f5ccd4 request with a trace id of c8df9399-22e1-4f5a-9459-b91dad3bab8f
2024-02-06 19:05:00,169 - basicLogger - DEBUG - Stored event 724e44b3-f15e-4079-ba6d-2bf610b11ff3 request with a trace id of 00c80f7a-f39b-4181-807b-cb392d74eb92
2024-02-06 19:05:00,370 - basicLogger - DEBUG - Stored event 907c9ac7-5f17-460a-9e97-5dbffab6ae84 request with a trace id of 83f3e97b-39e0-418a-aefd-ad86705dfac4
2024-02-06 19:05:00,573 - basicLogger - DEBUG - Stored event 7cc1dd9c-495e-46d1-b4b4-a7abb21b979e request with a trace id of 789ee643-7013-413f-955b-b6c45b0ef6c8
2024-02-06 19:05:00,779 - basicLogger - DEBUG - Stored event 64687767-4a0c-4926-a46d-a95780d28ba6 request with a trace id of 5447fd29-6bee-4cc5-a660-11633015f17f
2024-02-06 19:05:01,822 - basicLogger - INFO - Query for Workout Log readings after 2024-02-06T19:03:33 returns 0 results
2024-02-06 19:05:02,053 - basicLogger - DEBUG - Stored event ea2b189f-c847-4370-9528-4d4aa7b56982 request with a trace id of 379d9028-6ef4-4e7c-9aa4-7fe305546b9a
2024-02-06 19:05:02,224 - basicLogger - DEBUG - Stored event 89a480da-37e1-49e8-a516-be45e7e8a943 request with a trace id of 7822ee45-c9b9-4708-b3cc-0c2e5ddfad26
2024-02-06 19:05:02,429 - basicLogger - DEBUG - Stored event d9f1dd24-38b9-4ba8-9648-9fb31ce71b19 request with a trace id of e5970f53-a0b9-43c9-8c5c-e52eed798bfb
2024-02-06 19:05:02,630 - basicLogger - DEBUG - Stored event 5736c247-df37-4976-84d1-af3cafc5eeb7 request with a trace id of f9e9488f-dd2d-40cd-8342-ceb25cd848d8
2024-02-06 19:05:02,838 - basicLogger - DEBUG - Stored event 0764da09-a73a-49d4-ad6b-8ca3a4df4d10 request with a trace id of c57b0ad9-87c6-4ee2-b478-05a8bd1d2185
2024-02-06 19:05:04,142 - basicLogger - DEBUG - Stored event 2374ceec-56d3-428b-a241-728ebccd5714 request with a trace id of 2606fc76-bfb3-41a7-b7c9-c363b97e7551
2024-02-06 19:05:04,285 - basicLogger - DEBUG - Stored event 93b55e90-6618-461e-a435-6a362abc7929 request with a trace id of 8a62cad1-75c1-4be8-a05d-f6029fbcf655
2024-02-06 19:05:04,487 - basicLogger - DEBUG - Stored event 9a228266-7a53-4ac7-a222-402aec4db883 request with a trace id of b93e315f-6b23-4bec-b738-8c41789b9609
2024-02-06 19:05:04,704 - basicLogger - DEBUG - Stored event bde0237d-abe7-47aa-8566-90e5cb0c8ff9 request with a trace id of ce01f6d0-8819-49c7-b0cc-983116c0ed9c
2024-02-06 19:05:04,888 - basicLogger - DEBUG - Stored event 8f4388a8-966d-489f-80ea-ce1dd60b30d0 request with a trace id of 49c4fda1-239d-4d5c-96a0-bd02592ada96
2024-02-06 19:05:06,217 - basicLogger - DEBUG - Stored event 1a287ec5-a7b7-4d01-92dc-4d175fb6bfe8 request with a trace id of 34dfa9e3-a67a-494f-995b-33bf53302768
2024-02-06 19:05:06,344 - basicLogger - DEBUG - Stored event 71610ad2-6563-4465-b43f-fc1246c4c1b4 request with a trace id of 90b73685-ca7d-4964-bcb8-9c2adf596233
2024-02-06 19:05:06,548 - basicLogger - DEBUG - Stored event 3e40cc03-9af4-41a1-b4c2-839a80b3cd9a request with a trace id of c36ebb96-c2a7-48b7-85f3-c41f46131b4f
2024-02-06 19:05:06,766 - basicLogger - DEBUG - Stored event 58da4823-4491-489f-80c6-3fa3667c20be request with a trace id of 6dc93600-d7d8-4dc8-a223-d485eef80e9a
2024-02-06 19:05:06,839 - basicLogger - INFO - Query for Workout Log readings after 2024-02-06T19:04:59 returns 5 results
2024-02-06 19:05:06,952 - basicLogger - DEBUG - Stored event 6df6e448-bdbc-424e-9b21-6915fcba19ea request with a trace id of c2b50034-5b30-45e1-8c44-ac4a013a45ed
2024-02-06 19:05:08,303 - basicLogger - DEBUG - Stored event 35f9a0f9-91ec-42d6-adb9-84eda0999cff request with a trace id of bf011024-2304-4f9c-837a-ecb47e7eceee
2024-02-06 19:05:08,404 - basicLogger - DEBUG - Stored event 63402ac9-0dbf-4dd1-a28b-8187b41d04c3 request with a trace id of 1a8580b9-947b-4b0f-b623-6082f90f5cf1
2024-02-06 19:05:08,608 - basicLogger - DEBUG - Stored event c32823ed-3375-44b5-b554-1c62dc479f44 request with a trace id of ee3e88c1-2dea-4586-939e-e7fd57ed7a25
2024-02-06 19:05:08,811 - basicLogger - DEBUG - Stored event c4cfcdae-88bc-4c34-afcb-05557582314c request with a trace id of 4f38a39a-98bd-4671-a86a-8a92754dd866
2024-02-06 19:05:09,013 - basicLogger - DEBUG - Stored event 4c912954-d985-4e00-83b1-bbc2260f574a request with a trace id of a0efec3b-0e47-499f-bb50-1b8e488bec95
2024-02-06 19:05:10,377 - basicLogger - DEBUG - Stored event 42a5e3c6-1351-4880-9071-1352e5770392 request with a trace id of 9bd95dcc-9c96-4720-b0df-689da02c20cc
2024-02-06 19:05:10,459 - basicLogger - DEBUG - Stored event 621608a4-e86f-4463-8d7d-56bfce999ae7 request with a trace id of f5bfe489-0931-46ec-b88f-3869d68f042c
2024-02-06 19:05:10,659 - basicLogger - DEBUG - Stored event 81145577-03b0-4281-9840-25bee0282443 request with a trace id of 2b6cc5bf-07a1-4865-b3bd-21d17b032577
2024-02-06 19:05:10,879 - basicLogger - DEBUG - Stored event 750a98f6-5f20-4223-ada6-2c60db09a301 request with a trace id of 1cab1522-1cb7-4af1-b821-f6cc3134aa40
2024-02-06 19:05:11,068 - basicLogger - DEBUG - Stored event 2561edc1-062a-48fc-b5e7-361e77416a7f request with a trace id of 8b99dbcb-8d6d-4e0f-ae4d-7e610b3589f9
2024-02-06 19:05:11,836 - basicLogger - INFO - Query for Workout Log readings after 2024-02-06T19:05:04 returns 5 results
2024-02-06 19:05:12,444 - basicLogger - DEBUG - Stored event ac61d8f0-2a5e-40e0-98c2-59828da6cde2 request with a trace id of 55cd4f29-447a-44d0-a7fa-d3fd0f9a000a
2024-02-06 19:05:12,521 - basicLogger - DEBUG - Stored event dc8ec76b-4005-4a30-a6bb-b89cccbf9a07 request with a trace id of 61d89251-11bf-4b0c-8349-c41a9c91d16d
2024-02-06 19:05:12,709 - basicLogger - DEBUG - Stored event b27d8ee4-5f8d-470e-8e1c-e1d41fecd08a request with a trace id of 8b95b72b-30a2-4edb-8f59-327de6208c5b
2024-02-06 19:05:12,939 - basicLogger - DEBUG - Stored event f9083f80-bc1e-4c14-925a-342ca13d04c1 request with a trace id of 923442e8-d6b4-44f7-a526-9fc7f22bea9d
2024-02-06 19:05:13,126 - basicLogger - DEBUG - Stored event 049e4cee-a3a1-453d-843b-a6d43bbaaaa6 request with a trace id of 6a5f1f68-217e-4c17-a902-d0ff29e57005
2024-02-06 19:05:14,526 - basicLogger - DEBUG - Stored event 31e240e9-7be9-4d0f-b4e1-445677699f40 request with a trace id of 85d48dea-a209-450f-9b88-590c903545ee
2024-02-06 19:05:14,585 - basicLogger - DEBUG - Stored event 4986df00-6df6-46a9-be3d-e8b0ae730b25 request with a trace id of 306e63de-b265-4019-b2c8-86a5defca7e3
2024-02-06 19:05:14,772 - basicLogger - DEBUG - Stored event fffa6220-ccf5-4bd6-a295-01462fe71936 request with a trace id of e8f46a86-c461-4292-958a-56f5fa6f8326
2024-02-06 19:05:15,006 - basicLogger - DEBUG - Stored event 6b739646-0d12-4df3-abac-0fbbccb6766f request with a trace id of 90b9d314-1df6-44b0-9c13-4cc615786744
2024-02-06 19:05:15,193 - basicLogger - DEBUG - Stored event a525ab89-f34b-4bdc-a0fc-cba1c5b949e4 request with a trace id of f3a43837-be34-4514-bb9c-1aa1a20f2108
2024-02-06 19:05:16,579 - basicLogger - DEBUG - Stored event 19497955-f3ab-4fb5-92a0-c4f8bddecf28 request with a trace id of 7cb0565a-1f71-4115-9753-4fbf8d886baa
2024-02-06 19:05:16,642 - basicLogger - DEBUG - Stored event fca054de-3cf4-4374-9593-0fd468789d33 request with a trace id of 28898b6f-1e3a-4a29-82da-76f88c515a23
2024-02-06 19:05:16,829 - basicLogger - DEBUG - Stored event 4ec6ad4b-0e69-430a-a362-225903f54d6d request with a trace id of dcca019e-5f94-4ca0-93a3-d2eb1b4527e2
2024-02-06 19:05:16,840 - basicLogger - INFO - Query for Workout Log readings after 2024-02-06T19:05:09 returns 5 results
2024-02-06 19:05:17,078 - basicLogger - DEBUG - Stored event 6819dcbc-9425-4fd5-b8a9-04eea0961219 request with a trace id of 8dc25562-72b3-41e6-9c6c-cb2ff0d46919
2024-02-06 19:05:17,265 - basicLogger - DEBUG - Stored event 71861f91-102e-4e91-a121-dede0d9632fd request with a trace id of ef665ec5-8f16-4413-9495-181693fe60b4
2024-02-06 19:05:18,656 - basicLogger - DEBUG - Stored event d450bb70-74ee-448a-95df-cd4362aed2b5 request with a trace id of b5838522-1f91-436a-b725-7bb115caaabe
2024-02-06 19:05:18,707 - basicLogger - DEBUG - Stored event b25dc99e-75ad-47e3-99b6-979141f34e13 request with a trace id of a4fb88ad-66d1-403f-98ba-f2decb7ab189
2024-02-06 19:05:18,900 - basicLogger - DEBUG - Stored event c9524493-fe05-45f0-808c-29f6084a7125 request with a trace id of 614918af-ce17-40ee-9718-fa977db216f4
2024-02-06 19:05:19,144 - basicLogger - DEBUG - Stored event 443ce858-a99c-4be8-b585-180e24ff5ea5 request with a trace id of 05c5b747-2090-42a7-a516-96b2b389dd6a
2024-02-06 19:05:19,331 - basicLogger - DEBUG - Stored event d89e1e1d-8a05-4f0f-8485-7bf9653792f9 request with a trace id of 29dff57e-70df-454f-925a-14c198c4ecce
2024-02-06 19:05:21,832 - basicLogger - INFO - Query for Workout Log readings after 2024-02-06T19:05:14 returns 8 results
2024-02-06 19:05:26,851 - basicLogger - INFO - Query for Workout Log readings after 2024-02-06T19:05:19 returns 2 results
2024-02-06 19:05:31,845 - basicLogger - INFO - Query for Workout Log readings after 2024-02-06T19:05:24 returns 0 results
2024-02-06 19:05:36,828 - basicLogger - INFO - Query for Workout Log readings after 2024-02-06T19:05:29 returns 0 results
2024-02-06 19:05:41,817 - basicLogger - INFO - Query for Workout Log readings after 2024-02-06T19:05:34 returns 0 results
2024-02-06 19:08:43,497 - basicLogger - INFO - Query for Workout Log readings after 2024-02-06T19:05:34 returns 0 results
2024-02-06 19:08:48,456 - basicLogger - INFO - Query for Workout Log readings after 2024-02-06T19:08:41 returns 0 results
2024-02-06 19:08:53,486 - basicLogger - INFO - Query for Workout Log readings after 2024-02-06T19:08:46 returns 0 results
2024-02-06 19:08:58,447 - basicLogger - INFO - Query for Workout Log readings after 2024-02-06T19:08:51 returns 0 results
2024-02-06 19:09:03,463 - basicLogger - INFO - Query for Workout Log readings after 2024-02-06T19:08:56 returns 0 results
2024-02-06 19:09:08,477 - basicLogger - INFO - Query for Workout Log readings after 2024-02-06T19:09:01 returns 0 results
2024-02-06 19:09:13,448 - basicLogger - INFO - Query for Workout Log readings after 2024-02-06T19:09:06 returns 0 results
2024-02-06 19:09:18,464 - basicLogger - INFO - Query for Workout Log readings after 2024-02-06T19:09:11 returns 0 results
2024-02-06 19:09:23,462 - basicLogger - INFO - Query for Workout Log readings after 2024-02-06T19:09:16 returns 0 results
2024-02-06 19:09:28,448 - basicLogger - INFO - Query for Workout Log readings after 2024-02-06T19:09:21 returns 0 results
2024-02-06 19:09:28,972 - basicLogger - DEBUG - Stored event 8b4a3054-0336-459e-9bd4-0d94883b54bd request with a trace id of d0d1f05d-e315-45b1-8e02-db684f97cb20
2024-02-06 19:09:29,180 - basicLogger - DEBUG - Stored event 33c1b8b3-5978-441d-a232-2d6fa8c9d1df request with a trace id of 233dddd9-54b2-4230-9e01-f5e9acc4cb0b
2024-02-06 19:09:29,374 - basicLogger - DEBUG - Stored event 4e800a60-6bb5-4af2-83cb-b0707ee635bb request with a trace id of 4d90a405-6460-42a2-9baf-de5c91038190
2024-02-06 19:09:29,578 - basicLogger - DEBUG - Stored event 76621dd4-0908-441f-8d32-56391be2865c request with a trace id of 814a3269-44e2-4a68-a3d0-b96330075520
2024-02-06 19:09:29,750 - basicLogger - DEBUG - Stored event 9b396c6e-d664-47c0-8737-8e66165da376 request with a trace id of ce49f794-56e2-41c7-ad7a-4ec3c8aa996c
2024-02-06 19:09:31,040 - basicLogger - DEBUG - Stored event 48bc820f-43c4-421d-8965-925d07e160d6 request with a trace id of 90300ff6-1346-4422-82dd-191c05409da5
2024-02-06 19:09:31,242 - basicLogger - DEBUG - Stored event a52d474c-fdc2-42f2-b3a1-626a0e021c70 request with a trace id of 7e9c3968-e256-42fa-a7ad-da80e4bdc4cc
2024-02-06 19:09:31,440 - basicLogger - DEBUG - Stored event 196481cf-5118-4e8f-bbb9-0f90267aecba request with a trace id of ebe5d35e-11a7-4139-8125-96df81ac853c
2024-02-06 19:09:31,642 - basicLogger - DEBUG - Stored event dbe659ee-61ca-47c3-8928-890939d7b3e2 request with a trace id of b5f4b620-846c-4174-b333-25521112c3c8
2024-02-06 19:09:31,811 - basicLogger - DEBUG - Stored event 5974686e-b18e-46d7-9c09-5cf96e851245 request with a trace id of 7bb2d45b-a941-48e4-a652-885915abe295
2024-02-06 19:09:33,110 - basicLogger - DEBUG - Stored event 3fdabd05-5dc1-44ad-82e1-5859496fabd6 request with a trace id of 61f6b81e-e5c0-48c5-9f6b-193907163428
2024-02-06 19:09:33,303 - basicLogger - DEBUG - Stored event 182e02b4-cb50-44e8-8e06-b662f83ae2b7 request with a trace id of c4aa0794-e0ab-4bf5-85c5-be514f929ffb
2024-02-06 19:09:33,450 - basicLogger - INFO - Query for Workout Log readings after 2024-02-06T19:09:26 returns 0 results
2024-02-06 19:09:33,486 - basicLogger - DEBUG - Stored event 1a21fa58-3962-400e-8b3c-60f417b108de request with a trace id of 45d38c02-14b3-4d2b-88ae-4ba9b85e79f2
2024-02-06 19:09:33,703 - basicLogger - DEBUG - Stored event 4514b8d9-f451-484d-9c13-ced4526989e0 request with a trace id of b6b2e17c-3000-43be-b227-2c3d4649ff9d
2024-02-06 19:09:33,871 - basicLogger - DEBUG - Stored event 5f9b2c4b-f52e-466e-bffb-34f6374119ac request with a trace id of 6583812c-3179-44b8-80aa-dc547d99038f
2024-02-06 19:09:35,188 - basicLogger - DEBUG - Stored event d415cca3-9160-4565-b4b8-f43acc7d05e7 request with a trace id of 35309a72-1e28-4e04-8b96-80c1ae19ce94
2024-02-06 19:09:35,372 - basicLogger - DEBUG - Stored event c119988b-c703-4daa-9325-a02ae5de5941 request with a trace id of 5a938ceb-21a4-4f38-8e9b-77b5e9a7805b
2024-02-06 19:09:35,541 - basicLogger - DEBUG - Stored event 016dc866-d7b1-4483-9f75-a85fb8cc2469 request with a trace id of 89a32756-82ae-4c10-8dca-659f7737ba64
2024-02-06 19:09:35,759 - basicLogger - DEBUG - Stored event 82c705eb-6e1e-476d-a0a1-94fa81018c6b request with a trace id of 3862f7a4-3c0a-40c1-aae5-bb9e262ed2c2
2024-02-06 19:09:35,929 - basicLogger - DEBUG - Stored event 3bbc5620-7e22-4d6f-8960-a46d48999d97 request with a trace id of c48fecb0-14c4-4b1e-96d1-e342ae6ed120
2024-02-06 19:09:37,254 - basicLogger - DEBUG - Stored event 42d7920b-dbac-42c4-94d0-a88a24c42e53 request with a trace id of a15ac0d3-ed8f-40d4-bb4d-f3eb4264a3e9
2024-02-06 19:09:37,435 - basicLogger - DEBUG - Stored event 536123b0-0524-49c1-bd7d-86ca4cadb433 request with a trace id of eab9dd96-98ba-4a01-bbe4-05e652474ca9
2024-02-06 19:09:37,603 - basicLogger - DEBUG - Stored event a1c80e75-a64f-4a94-a7fa-be08f1d0b987 request with a trace id of c907a4cc-b2d4-4965-9b6a-8b0e100ad3cd
2024-02-06 19:09:37,803 - basicLogger - DEBUG - Stored event 6493f70e-d16f-4e79-8a7d-b0f0e226b72f request with a trace id of 511ce8bb-8406-4146-8a40-b3b5095435ee
2024-02-06 19:09:37,991 - basicLogger - DEBUG - Stored event 32e2d5d9-3afc-4753-8398-9dba298b7644 request with a trace id of 3bf0896c-ec90-4be7-bc1f-c2ee2cfa6fce
2024-02-06 19:09:38,440 - basicLogger - INFO - Query for Workout Log readings after 2024-02-06T19:09:31 returns 10 results
2024-02-06 19:09:39,305 - basicLogger - DEBUG - Stored event e6d32cae-c340-4f34-b02a-31af0fb28b33 request with a trace id of 6e241bb8-24a5-4d16-b552-11c06e686fcc
2024-02-06 19:09:39,504 - basicLogger - DEBUG - Stored event 1baefbb3-0279-4b2c-a1d6-64f957d5b2b9 request with a trace id of f5d08c3c-9955-4e97-8fcc-c0ef2019e7ab
2024-02-06 19:09:39,670 - basicLogger - DEBUG - Stored event 64ced32a-be32-446e-9046-cc1a8b308c48 request with a trace id of 30d5437c-0f28-4192-8b5e-615cc6f34963
2024-02-06 19:09:39,872 - basicLogger - DEBUG - Stored event 1b4b3b85-bff3-47e7-beaa-f63340d4d486 request with a trace id of 94b816f4-da30-4b8a-a3f0-28ae23d8ca05
2024-02-06 19:09:40,058 - basicLogger - DEBUG - Stored event 4f78a344-c42d-42cd-853f-4790e020ec20 request with a trace id of 7e85792a-a803-498a-bf15-e3158d495612
2024-02-06 19:09:41,378 - basicLogger - DEBUG - Stored event a4a7060b-017e-480a-8f0b-23bf7f8829a9 request with a trace id of 64a904bb-1da5-45d2-b18e-e707f0317fa2
2024-02-06 19:09:41,552 - basicLogger - DEBUG - Stored event ef49f0fa-50d5-464e-a71a-311a8d0947bd request with a trace id of 31635dbe-6019-4f22-aedf-3914cf2c9db0
2024-02-06 19:09:41,723 - basicLogger - DEBUG - Stored event b85a8f72-06a5-45a3-927c-74754aca5c5d request with a trace id of 6192c7b6-93cc-4463-820b-939f8b017ce6
2024-02-06 19:09:41,926 - basicLogger - DEBUG - Stored event cfbddf92-7d46-429e-867e-2a0d20aacded request with a trace id of 510d9a53-1ebb-4465-a408-b0d68aa97652
2024-02-06 19:09:42,113 - basicLogger - DEBUG - Stored event e36be48d-3d12-4fbc-b32d-704cb70b4437 request with a trace id of 5059721f-33a2-4820-99e1-ed7b56623d58
2024-02-06 19:09:43,439 - basicLogger - DEBUG - Stored event 818670d0-490e-4d9b-ab4f-788351c98623 request with a trace id of 5617919a-8ecd-4f19-b63d-971918fd81e9
2024-02-06 19:09:43,464 - basicLogger - INFO - Query for Workout Log readings after 2024-02-06T19:09:36 returns 5 results
2024-02-06 19:09:43,624 - basicLogger - DEBUG - Stored event bc96705d-3e85-49e2-8306-640d92813086 request with a trace id of 8ca4bacd-8d8a-4ab4-ad31-82b556e7e49d
2024-02-06 19:09:43,779 - basicLogger - DEBUG - Stored event 0c79a8fc-35ca-4b00-94ad-8f7508316082 request with a trace id of 73860d32-e5b9-468a-b89d-3a5fd3ec26a9
2024-02-06 19:09:44,000 - basicLogger - DEBUG - Stored event e5a1c314-928c-46ac-ab23-e6248d53c7e9 request with a trace id of a92b2620-aef7-4f33-ad89-92dd4dc8b5c0
2024-02-06 19:09:44,185 - basicLogger - DEBUG - Stored event f5765670-bd10-4007-806f-fd1c6f51fe5d request with a trace id of 5cc8577a-2ea6-4849-9e5b-269b1284ae7d
2024-02-06 19:09:45,520 - basicLogger - DEBUG - Stored event 9523cd24-5d15-4241-b2cd-0f37c1e87ec3 request with a trace id of a7aa7339-128e-4ef1-86e8-600261fb2d48
2024-02-06 19:09:45,693 - basicLogger - DEBUG - Stored event f2d43f1c-eced-40fb-94c3-702abb5a3dfd request with a trace id of e636b416-3857-4776-a51e-56cb8d6db14f
2024-02-06 19:09:45,830 - basicLogger - DEBUG - Stored event 5d2ca736-6538-4d5a-8bf1-3c9ba7cc84b4 request with a trace id of e48c134c-0fd3-4eb9-881f-ec0b3f186a53
2024-02-06 19:09:46,062 - basicLogger - DEBUG - Stored event e48920da-d19d-4fd0-be54-77d87c970638 request with a trace id of 4d772540-17af-4558-83b2-aaadf27a0300
2024-02-06 19:09:46,248 - basicLogger - DEBUG - Stored event 67fb5428-5b4a-4b0f-ac7f-2a46d48934a7 request with a trace id of 97c014e4-506d-4d33-9801-15710d7ed5c1
2024-02-06 19:09:47,584 - basicLogger - DEBUG - Stored event 21f78f34-6f3a-4b7a-a3e1-2efe8f0f26bc request with a trace id of a275781a-4f93-4c55-b845-64214263cd43
2024-02-06 19:09:47,755 - basicLogger - DEBUG - Stored event 73b183ce-70e6-46bf-b709-f57e87cd454d request with a trace id of 8b4a1148-66f5-45f7-b1e0-33117b5663e2
2024-02-06 19:09:47,894 - basicLogger - DEBUG - Stored event 74102ce0-d2a5-4b94-9880-a6b5c83ad373 request with a trace id of 3f5c7eee-aa85-4d38-b986-bfd8367f91e2
2024-02-06 19:09:48,125 - basicLogger - DEBUG - Stored event 4780501c-a71f-4aae-ad80-9500e79317d4 request with a trace id of b23b873a-b388-4687-a8b2-55ea28c4706c
2024-02-06 19:09:48,312 - basicLogger - DEBUG - Stored event 8f19eb04-3cb7-4907-b008-4d0cf800ee26 request with a trace id of 6b7bb074-3130-4c85-b5d4-3c94c3f6a04f
2024-02-06 19:09:48,464 - basicLogger - INFO - Query for Workout Log readings after 2024-02-06T19:09:41 returns 5 results
2024-02-06 19:09:53,457 - basicLogger - INFO - Query for Workout Log readings after 2024-02-06T19:09:46 returns 5 results
2024-02-06 19:09:58,473 - basicLogger - INFO - Query for Workout Log readings after 2024-02-06T19:09:51 returns 0 results
2024-02-06 19:10:03,463 - basicLogger - INFO - Query for Workout Log readings after 2024-02-06T19:09:56 returns 0 results
2024-02-06 19:10:08,457 - basicLogger - INFO - Query for Workout Log readings after 2024-02-06T19:10:01 returns 0 results
2024-02-06 19:10:13,451 - basicLogger - INFO - Query for Workout Log readings after 2024-02-06T19:10:06 returns 0 results
2024-02-08 17:59:42,523 - basicLogger - INFO - Query for Workout Log readings after 2024-02-06T19:10:11 returns 0 results
2024-02-08 17:59:47,177 - basicLogger - INFO - Query for Workout Log readings after 2024-02-08T17:59:40 returns 0 results
2024-02-08 17:59:52,196 - basicLogger - INFO - Query for Workout Log readings after 2024-02-08T17:59:45 returns 0 results
2024-02-08 17:59:57,161 - basicLogger - INFO - Query for Workout Log readings after 2024-02-08T17:59:50 returns 0 results
2024-02-08 18:00:02,177 - basicLogger - INFO - Query for Workout Log readings after 2024-02-08T17:59:55 returns 0 results
2024-02-08 18:00:07,200 - basicLogger - INFO - Query for Workout Log readings after 2024-02-08T18:00:00 returns 0 results
2024-02-08 18:00:12,154 - basicLogger - INFO - Query for Workout Log readings after 2024-02-08T18:00:05 returns 0 results
2024-02-08 18:00:17,163 - basicLogger - INFO - Query for Workout Log readings after 2024-02-08T18:00:10 returns 0 results
2024-02-08 18:00:19,016 - basicLogger - DEBUG - Stored event 70d5c3b0-e659-4e8b-8dec-a5fa96e21d67 request with a trace id of 1d93c956-9333-4ab2-8cc1-141704282b62
2024-02-08 18:00:19,016 - basicLogger - DEBUG - Stored event 1bf81972-562f-4321-9af9-d2cc7996e813 request with a trace id of 7981d335-3198-4994-84e5-f6d08304df1a
2024-02-08 18:00:19,019 - basicLogger - DEBUG - Stored event 7bb7c4aa-8eb6-4803-9109-0de17f0fbe31 request with a trace id of dccdafda-8463-47b2-af0e-146a5a502581
2024-02-08 18:00:19,020 - basicLogger - DEBUG - Stored event b7aa04f7-becb-4fea-94a6-80f1f9d9f6af request with a trace id of 0c7db938-e4ad-46ef-ad4c-f360844d7c94
2024-02-08 18:00:19,020 - basicLogger - DEBUG - Stored event 52129951-d01a-4cef-b39e-306b149d9463 request with a trace id of 4cb5518a-d463-4eb0-adb8-55616e353da9
2024-02-08 18:00:21,152 - basicLogger - DEBUG - Stored event 2bac7a5b-0cdb-43f5-bb29-f81bf966df53 request with a trace id of b2440ce0-84d1-41d6-b9ea-0412ce82b83e
2024-02-08 18:00:21,156 - basicLogger - DEBUG - Stored event 268bd40d-8796-4f19-82dc-a2f1f97c1c2d request with a trace id of 854a0974-e06a-4f3f-8503-f4fc8bf4bc65
2024-02-08 18:00:21,167 - basicLogger - DEBUG - Stored event 50a22aa7-f83d-4c79-85ec-da2545c47f9d request with a trace id of 6e8c4a4c-59f2-42d8-a414-17af4dd8a58d
2024-02-08 18:00:21,168 - basicLogger - DEBUG - Stored event 44e68bd7-abb0-475e-878c-55e3242de288 request with a trace id of 3623f9fb-c2d0-40e4-af9c-5c20d1ee13c3
2024-02-08 18:00:21,179 - basicLogger - DEBUG - Stored event 74851481-eae3-42ad-b0b3-22c5912401ad request with a trace id of 2bc2f217-d004-4912-979c-c6b912afd791
2024-02-08 18:00:22,174 - basicLogger - INFO - Query for Workout Log readings after 2024-02-08T18:00:15 returns 0 results
2024-02-08 18:00:23,215 - basicLogger - DEBUG - Stored event f8d2da8e-1c6d-4f27-941b-121afbb62140 request with a trace id of f90d076f-40b8-4503-8b3a-048f887a82b8
2024-02-08 18:00:23,258 - basicLogger - DEBUG - Stored event 2981ced3-2f46-4196-95b0-06e27d240f60 request with a trace id of b3129d78-bc17-4957-8812-d934082dd7f1
2024-02-08 18:00:23,268 - basicLogger - DEBUG - Stored event 607ddda6-70dd-42e7-b296-538bb1d3f4d7 request with a trace id of 0656b510-0e46-42a1-9023-a404715eb742
2024-02-08 18:00:23,269 - basicLogger - DEBUG - Stored event bb6cd1a5-e283-4085-b61c-aab5f548a19c request with a trace id of c27b2754-942b-49af-832b-9d91c38e9f75
2024-02-08 18:00:23,269 - basicLogger - DEBUG - Stored event f29d873b-bb79-48b1-96ec-87e685f4f437 request with a trace id of e8ad2419-c895-4e79-901c-67a7a55ba20c
2024-02-08 18:00:25,300 - basicLogger - DEBUG - Stored event 19177b49-3134-4af0-88cd-e8c9558ac62c request with a trace id of e91bc1b1-7609-4742-9ac2-c07ba8cf22f4
2024-02-08 18:00:25,348 - basicLogger - DEBUG - Stored event 40d8908e-9560-474b-9042-a9e2370e2d1c request with a trace id of f61ac418-9989-4c2b-b1dc-3a80e684b464
2024-02-08 18:00:25,370 - basicLogger - DEBUG - Stored event 43b377ff-b87f-48fb-9e57-d43b85755b26 request with a trace id of 7a853e22-b6b9-4aad-ab34-6c9a405e105e
2024-02-08 18:00:25,374 - basicLogger - DEBUG - Stored event 195c5f32-5262-447b-a1f1-10df23bb53c2 request with a trace id of 163c3ccd-6e2d-4e35-809b-615dab6a366c
2024-02-08 18:00:25,380 - basicLogger - DEBUG - Stored event 55b3f99e-638c-414e-89c7-710d19c3fa85 request with a trace id of ca698137-ed3d-4b26-bd26-29513d14a105
2024-02-08 18:00:27,167 - basicLogger - INFO - Query for Workout Log readings after 2024-02-08T18:00:20 returns 5 results
2024-02-08 18:00:27,369 - basicLogger - DEBUG - Stored event dd99bb48-0599-408f-be15-481122569fb1 request with a trace id of d9aa3f89-1229-41da-8a6b-5f6512cbc602
2024-02-08 18:00:27,423 - basicLogger - DEBUG - Stored event 83726510-ddc4-443b-bbe4-b3e2563d0fdf request with a trace id of 72f0d8d6-1ea3-487b-befd-0c6caf94ce9d
2024-02-08 18:00:27,440 - basicLogger - DEBUG - Stored event 84bcf8a3-0e73-436d-b1ab-a4f211b7bcf8 request with a trace id of 8cf66fa1-cbdd-4b2e-9393-8c5e364077bc
2024-02-08 18:00:27,458 - basicLogger - DEBUG - Stored event dd30dae1-ff28-42dd-99f6-267e854a1182 request with a trace id of f04d2739-a2d4-4623-a6fe-a630df418709
2024-02-08 18:00:27,462 - basicLogger - DEBUG - Stored event 56641870-a4eb-4791-8ead-03ac0903ab84 request with a trace id of e3c6cf53-9fb0-49c2-9b2f-68054be1b1ae
2024-02-08 18:00:29,436 - basicLogger - DEBUG - Stored event 933b9f03-10a0-4dbb-971b-84e2641a9e5a request with a trace id of e543e6a0-141e-4012-a183-31d3bea21175
2024-02-08 18:00:29,500 - basicLogger - DEBUG - Stored event a1c1a8de-d836-4b79-ba9e-d68dd9602360 request with a trace id of f75d4fb1-e25c-40a9-a56e-08dd84e2387a
2024-02-08 18:00:29,505 - basicLogger - DEBUG - Stored event 6215e2de-173e-4eea-a9d6-fe91c90e79b9 request with a trace id of 76f5369a-86c1-429a-b6a3-1069d1b08953
2024-02-08 18:00:29,535 - basicLogger - DEBUG - Stored event d892173b-40a5-4348-9b4b-304ee91f043e request with a trace id of 19f0603c-a32b-4d1f-8e17-68908c4f7a6e
2024-02-08 18:00:29,540 - basicLogger - DEBUG - Stored event 0f0bbc15-008e-418d-a823-7112292b5c1e request with a trace id of 16fcb180-b1b1-4d11-ace6-4ea5cdae05ec
2024-02-08 18:00:31,495 - basicLogger - DEBUG - Stored event 25887e65-8ea0-4de8-b6da-ccdd53454620 request with a trace id of b52434ac-608b-4cde-8098-63242fa2342d
2024-02-08 18:00:31,575 - basicLogger - DEBUG - Stored event b38dcd9d-f2a5-420f-bcea-8789d145db32 request with a trace id of c01312ad-966c-4c19-a200-16b36a1cf713
2024-02-08 18:00:31,580 - basicLogger - DEBUG - Stored event 1db8f116-7589-420f-ad3e-ce907f22e13f request with a trace id of 4b111387-cd61-4724-b801-a27996a13b35
2024-02-08 18:00:31,614 - basicLogger - DEBUG - Stored event 0d5a0705-5255-4c63-83cc-6d74ea9215d0 request with a trace id of 1a883ff2-9f58-439a-ad88-b13f1f2abed3
2024-02-08 18:00:31,618 - basicLogger - DEBUG - Stored event 30d7176b-e640-4ea0-9b53-c3e27ccb73ad request with a trace id of 98c23801-4171-4b0e-b224-941782c79cc1
2024-02-08 18:00:32,162 - basicLogger - INFO - Query for Workout Log readings after 2024-02-08T18:00:25 returns 10 results
2024-02-08 18:00:33,546 - basicLogger - DEBUG - Stored event 5ec229de-e250-4fd6-b910-2a07d9ff219b request with a trace id of 1c03bbb1-7c61-46fa-8ee7-c0b9e8d37d67
2024-02-08 18:00:33,639 - basicLogger - DEBUG - Stored event 7b3e4e0a-0121-48d1-8568-268e52e3aac1 request with a trace id of 26cc39bb-a1fe-45f5-a5ec-52fe4d43bc21
2024-02-08 18:00:33,644 - basicLogger - DEBUG - Stored event c9f82eb7-32f7-4403-b8da-c2394996fc25 request with a trace id of cd556e18-37ea-46f6-81d4-9e754ea97f73
2024-02-08 18:00:33,673 - basicLogger - DEBUG - Stored event 4246f732-74e8-4001-8d78-076d06efa807 request with a trace id of 47e0984b-67a5-402a-8575-12c413d56f51
2024-02-08 18:00:33,678 - basicLogger - DEBUG - Stored event b1a92634-4688-40b4-ae9c-f64eba368d24 request with a trace id of c047d8cd-dbbd-4ce2-b105-4e433de0594f
2024-02-08 18:00:35,628 - basicLogger - DEBUG - Stored event 807a04ab-82ee-4557-8ada-bf7520d960e8 request with a trace id of 7b78c30c-a2ca-4a1d-a340-abc9465d774c
2024-02-08 18:00:35,715 - basicLogger - DEBUG - Stored event 6cbeb51b-54c3-4ecd-bbd8-fad01ae37a82 request with a trace id of 6f93dc0b-ff1b-4e0c-b662-f5a88f8e2676
2024-02-08 18:00:35,719 - basicLogger - DEBUG - Stored event 4e885a04-3c62-4c42-bf07-3d187eff461f request with a trace id of d8cbef6f-d87d-435f-acb8-e74a9de74748
2024-02-08 18:00:35,747 - basicLogger - DEBUG - Stored event 26ee02f2-c0a6-45f7-8897-e0c636117910 request with a trace id of 9ae060f2-7689-49ed-bca0-715fe6adce8b
2024-02-08 18:00:35,753 - basicLogger - DEBUG - Stored event d55028f0-3121-4490-874b-9e1df7ea8808 request with a trace id of 52f57acb-4c76-4b60-9cb9-52cd61b55872
